<?xml version="1.0" encoding="UTF-8"?>
<!-- Generated by org.testng.reporters.JUnitXMLReporter -->
<testsuite ignored="0" hostname="DESKTOP-4B5SD2P" failures="1" tests="1" name="setup" time="0.004" errors="0" timestamp="2020-11-29T10:42:57 EST">
  <testcase classname="com.herokuapp.theinternet.loginpagetest.Positive" name="login" time="0.0">
    <failure type="org.testng.TestNGException" message="
Parameter &amp;apos;username&amp;apos; is required by @Test on method login but has not been marked @Optional or defined
in C:\Users\suman\Workspace\suman_test\app\src\test\resources\TestSuites\Positive.xml">
      <![CDATA[org.testng.TestNGException: 
Parameter 'username' is required by @Test on method login but has not been marked @Optional or defined
in C:\Users\suman\Workspace\suman_test\app\src\test\resources\TestSuites\Positive.xml
at java.base/java.util.ArrayList.forEach(ArrayList.java:1541)
... Removed 26 stack frames]]>
    </failure>
  </testcase> <!-- login -->
</testsuite> <!-- setup -->
