<?xml version="1.0" encoding="UTF-8"?>
<!-- Generated by org.testng.reporters.JUnitXMLReporter -->
<testsuite ignored="0" hostname="DESKTOP-4B5SD2P" failures="1" tests="1" name="logInIpad" time="8.595" errors="0" timestamp="2020-12-02T17:31:33 EST">
  <testcase classname="com.herokuapp.theinternet.loginpagetest.PositiveloginTest" name="login" time="3.9">
    <failure type="java.lang.AssertionError" message="it is not true as : expected [true] but found [false]">
      <![CDATA[java.lang.AssertionError: it is not true as : expected [true] but found [false]
at com.herokuapp.theinternet.loginpagetest.PositiveloginTest.login(PositiveloginTest.java:25)
at java.base/java.util.ArrayList.forEach(ArrayList.java:1541)
at java.base/java.util.concurrent.FutureTask.run(FutureTask.java:264)
at java.base/java.util.concurrent.ThreadPoolExecutor.runWorker(ThreadPoolExecutor.java:1128)
at java.base/java.util.concurrent.ThreadPoolExecutor$Worker.run(ThreadPoolExecutor.java:628)
at java.base/java.lang.Thread.run(Thread.java:834)
... Removed 21 stack frames]]>
    </failure>
  </testcase> <!-- login -->
</testsuite> <!-- logInIpad -->
